TN:
SF:src/errors/errors.ts
FN:4,createValidationError
FN:8,createNotFoundError
FN:12,createConflictError
FN:16,createPermissionError
FN:30,formatErrorResponse
FN:44,(anonymous_5)
FNF:6
FNH:0
FNDA:0,createValidationError
FNDA:0,createNotFoundError
FNDA:0,createConflictError
FNDA:0,createPermissionError
FNDA:0,formatErrorResponse
FNDA:0,(anonymous_5)
DA:1,0
DA:4,0
DA:5,0
DA:8,0
DA:9,0
DA:12,0
DA:13,0
DA:16,0
DA:17,0
DA:30,0
DA:31,0
DA:39,0
DA:43,0
DA:45,0
DA:46,0
DA:50,0
LF:16
LH:0
BRDA:17,0,0,0
BRDA:17,0,1,0
BRDA:45,1,0,0
BRF:3
BRH:0
end_of_record
TN:
SF:src/errors/index.ts
FN:4,createValidationError
FN:8,createNotFoundError
FN:12,createConflictError
FN:16,createPermissionError
FN:30,formatErrorResponse
FN:52,(anonymous_5)
FN:67,(anonymous_6)
FN:71,(anonymous_7)
FN:75,(anonymous_8)
FN:79,(anonymous_9)
FNF:10
FNH:0
FNDA:0,createValidationError
FNDA:0,createNotFoundError
FNDA:0,createConflictError
FNDA:0,createPermissionError
FNDA:0,formatErrorResponse
FNDA:0,(anonymous_5)
FNDA:0,(anonymous_6)
FNDA:0,(anonymous_7)
FNDA:0,(anonymous_8)
FNDA:0,(anonymous_9)
DA:1,0
DA:4,0
DA:5,0
DA:8,0
DA:9,0
DA:12,0
DA:13,0
DA:16,0
DA:17,0
DA:30,0
DA:31,0
DA:40,0
DA:41,0
DA:47,0
DA:51,0
DA:53,0
DA:54,0
DA:58,0
DA:68,0
DA:72,0
DA:76,0
DA:80,0
LF:22
LH:0
BRDA:40,0,0,0
BRDA:53,1,0,0
BRF:2
BRH:0
end_of_record
TN:
SF:src/factories/base-factory.ts
FN:17,(anonymous_0)
FN:31,(anonymous_1)
FN:35,(anonymous_2)
FN:50,(anonymous_3)
FN:59,(anonymous_4)
FN:74,(anonymous_5)
FN:90,(anonymous_6)
FN:94,(anonymous_7)
FN:98,(anonymous_8)
FN:102,(anonymous_9)
FN:107,(anonymous_10)
FN:111,(anonymous_11)
FN:115,(anonymous_12)
FN:119,(anonymous_13)
FN:123,(anonymous_14)
FN:127,(anonymous_15)
FN:132,(anonymous_16)
FN:136,(anonymous_17)
FN:140,(anonymous_18)
FN:149,(anonymous_19)
FN:167,(anonymous_20)
FN:171,(anonymous_21)
FN:175,(anonymous_22)
FN:179,(anonymous_23)
FN:183,(anonymous_24)
FN:187,(anonymous_25)
FNF:26
FNH:0
FNDA:0,(anonymous_0)
FNDA:0,(anonymous_1)
FNDA:0,(anonymous_2)
FNDA:0,(anonymous_3)
FNDA:0,(anonymous_4)
FNDA:0,(anonymous_5)
FNDA:0,(anonymous_6)
FNDA:0,(anonymous_7)
FNDA:0,(anonymous_8)
FNDA:0,(anonymous_9)
FNDA:0,(anonymous_10)
FNDA:0,(anonymous_11)
FNDA:0,(anonymous_12)
FNDA:0,(anonymous_13)
FNDA:0,(anonymous_14)
FNDA:0,(anonymous_15)
FNDA:0,(anonymous_16)
FNDA:0,(anonymous_17)
FNDA:0,(anonymous_18)
FNDA:0,(anonymous_19)
FNDA:0,(anonymous_20)
FNDA:0,(anonymous_21)
FNDA:0,(anonymous_22)
FNDA:0,(anonymous_23)
FNDA:0,(anonymous_24)
FNDA:0,(anonymous_25)
DA:1,0
DA:10,0
DA:13,0
DA:18,0
DA:19,0
DA:33,0
DA:34,0
DA:35,0
DA:39,0
DA:42,0
DA:45,0
DA:47,0
DA:52,0
DA:53,0
DA:57,0
DA:58,0
DA:59,0
DA:63,0
DA:66,0
DA:69,0
DA:71,0
DA:76,0
DA:77,0
DA:81,0
DA:84,0
DA:87,0
DA:91,0
DA:95,0
DA:99,0
DA:103,0
DA:133,0
DA:137,0
DA:141,0
DA:142,0
DA:150,0
DA:163,0
DA:164,0
DA:168,0
DA:172,0
DA:176,0
DA:180,0
DA:184,0
DA:188,0
LF:43
LH:0
BRDA:34,0,0,0
BRDA:52,1,0,0
BRDA:58,2,0,0
BRDA:76,3,0,0
BRF:4
BRH:0
end_of_record
TN:
SF:src/factories/user-factory.ts
FN:10,(anonymous_0)
FN:14,(anonymous_1)
FN:44,(anonymous_2)
FN:48,(anonymous_3)
FN:56,(anonymous_4)
FN:70,(anonymous_5)
FN:86,(anonymous_6)
FN:90,(anonymous_7)
FN:95,(anonymous_8)
FN:104,(anonymous_9)
FN:105,(anonymous_10)
FN:108,(anonymous_11)
FN:117,(anonymous_12)
FN:121,(anonymous_13)
FN:125,(anonymous_14)
FNF:15
FNH:0
FNDA:0,(anonymous_0)
FNDA:0,(anonymous_1)
FNDA:0,(anonymous_2)
FNDA:0,(anonymous_3)
FNDA:0,(anonymous_4)
FNDA:0,(anonymous_5)
FNDA:0,(anonymous_6)
FNDA:0,(anonymous_7)
FNDA:0,(anonymous_8)
FNDA:0,(anonymous_9)
FNDA:0,(anonymous_10)
FNDA:0,(anonymous_11)
FNDA:0,(anonymous_12)
FNDA:0,(anonymous_13)
FNDA:0,(anonymous_14)
DA:1,0
DA:7,0
DA:9,0
DA:11,0
DA:15,0
DA:17,0
DA:39,0
DA:41,0
DA:45,0
DA:49,0
DA:51,0
DA:52,0
DA:56,0
DA:57,0
DA:58,0
DA:60,0
DA:61,0
DA:63,0
DA:64,0
DA:66,0
DA:71,0
DA:72,0
DA:73,0
DA:76,0
DA:82,0
DA:83,0
DA:87,0
DA:91,0
DA:96,0
DA:97,0
DA:98,0
DA:101,0
DA:105,0
DA:109,0
DA:110,0
DA:111,0
DA:114,0
DA:118,0
DA:122,0
DA:126,0
DA:127,0
DA:128,0
DA:131,0
DA:132,0
LF:44
LH:0
BRDA:25,0,0,0
BRDA:25,0,1,0
BRDA:27,1,0,0
BRDA:27,1,1,0
BRDA:35,2,0,0
BRDA:35,2,1,0
BRDA:45,3,0,0
BRDA:45,3,1,0
BRDA:51,4,0,0
BRDA:57,5,0,0
BRDA:57,6,0,0
BRDA:57,6,1,0
BRDA:60,7,0,0
BRDA:60,8,0,0
BRDA:60,8,1,0
BRDA:63,9,0,0
BRDA:63,10,0,0
BRDA:63,10,1,0
BRDA:72,11,0,0
BRDA:97,12,0,0
BRDA:110,13,0,0
BRDA:127,14,0,0
BRF:22
BRH:0
end_of_record
TN:
SF:src/middleware/auth.ts
FN:26,(anonymous_0)
FN:111,(anonymous_1)
FN:112,(anonymous_2)
FN:138,(anonymous_3)
FNF:4
FNH:0
FNDA:0,(anonymous_0)
FNDA:0,(anonymous_1)
FNDA:0,(anonymous_2)
FNDA:0,(anonymous_3)
DA:2,0
DA:3,0
DA:26,0
DA:31,0
DA:32,0
DA:33,0
DA:35,0
DA:36,0
DA:42,0
DA:46,0
DA:52,0
DA:56,0
DA:57,0
DA:63,0
DA:67,0
DA:68,0
DA:74,0
DA:78,0
DA:84,0
DA:86,0
DA:87,0
DA:93,0
DA:96,0
DA:97,0
DA:103,0
DA:106,0
DA:111,0
DA:112,0
DA:113,0
DA:114,0
DA:120,0
DA:123,0
DA:124,0
DA:130,0
DA:133,0
DA:138,0
DA:143,0
DA:144,0
DA:145,0
DA:147,0
DA:148,0
DA:153,0
DA:157,0
DA:158,0
DA:166,0
DA:169,0
LF:46
LH:0
BRDA:33,0,0,0
BRDA:33,0,1,0
BRDA:35,1,0,0
BRDA:48,2,0,0
BRDA:48,2,1,0
BRDA:56,3,0,0
BRDA:56,4,0,0
BRDA:56,4,1,0
BRDA:67,5,0,0
BRDA:86,6,0,0
BRDA:96,7,0,0
BRDA:113,8,0,0
BRDA:123,9,0,0
BRDA:145,10,0,0
BRDA:145,10,1,0
BRDA:147,11,0,0
BRDA:150,12,0,0
BRDA:150,12,1,0
BRDA:157,13,0,0
BRDA:157,14,0,0
BRDA:157,14,1,0
BRDA:157,14,2,0
BRF:22
BRH:0
end_of_record
TN:
SF:src/middleware/errorHandler.ts
FN:11,(anonymous_0)
FNF:1
FNH:0
FNDA:0,(anonymous_0)
DA:2,0
DA:3,0
DA:11,0
DA:17,0
DA:18,0
DA:19,0
DA:20,0
DA:23,0
DA:24,0
DA:26,0
DA:27,0
DA:28,0
DA:29,0
DA:31,0
DA:32,0
DA:33,0
DA:34,0
DA:36,0
DA:37,0
DA:38,0
DA:39,0
DA:41,0
DA:42,0
DA:43,0
DA:48,0
DA:49,0
DA:50,0
DA:54,0
DA:55,0
DA:56,0
DA:57,0
DA:60,0
DA:61,0
DA:62,0
DA:63,0
DA:67,0
DA:79,0
DA:80,0
DA:83,0
LF:39
LH:0
BRDA:17,0,0,0
BRDA:17,0,1,0
BRDA:18,1,0,0
BRDA:18,1,1,0
BRDA:19,2,0,0
BRDA:19,2,1,0
BRDA:23,3,0,0
BRDA:24,4,0,0
BRDA:24,4,1,0
BRDA:24,4,2,0
BRDA:24,4,3,0
BRDA:48,5,0,0
BRDA:54,6,0,0
BRDA:60,7,0,0
BRDA:79,8,0,0
BRDA:79,9,0,0
BRDA:79,9,1,0
BRDA:87,10,0,0
BRDA:87,10,1,0
BRDA:88,11,0,0
BRDA:88,11,1,0
BRF:21
BRH:0
end_of_record
TN:
SF:src/middleware/logger.ts
FN:34,(anonymous_0)
FN:51,(anonymous_1)
FNF:2
FNH:0
FNDA:0,(anonymous_0)
FNDA:0,(anonymous_1)
DA:2,0
DA:5,0
DA:22,0
DA:23,0
DA:34,0
DA:39,0
DA:42,0
DA:51,0
DA:52,0
DA:53,0
DA:61,0
LF:11
LH:0
BRDA:6,0,0,0
BRDA:6,0,1,0
BRDA:22,1,0,0
BRDA:47,2,0,0
BRDA:47,2,1,0
BRF:5
BRH:0
end_of_record
TN:
SF:src/routes/auth.ts
FN:11,(anonymous_0)
FN:24,(anonymous_1)
FN:57,(anonymous_2)
FN:147,(anonymous_3)
FN:230,(anonymous_4)
FN:258,(anonymous_5)
FN:315,(anonymous_6)
FNF:7
FNH:0
FNDA:0,(anonymous_0)
FNDA:0,(anonymous_1)
FNDA:0,(anonymous_2)
FNDA:0,(anonymous_3)
FNDA:0,(anonymous_4)
FNDA:0,(anonymous_5)
FNDA:0,(anonymous_6)
DA:1,0
DA:2,0
DA:3,0
DA:4,0
DA:5,0
DA:6,0
DA:8,0
DA:11,0
DA:12,0
DA:24,0
DA:29,0
DA:30,0
DA:32,0
DA:49,0
DA:58,0
DA:59,0
DA:60,0
DA:61,0
DA:68,0
DA:71,0
DA:74,0
DA:78,0
DA:79,0
DA:85,0
DA:89,0
DA:90,0
DA:93,0
DA:120,0
DA:121,0
DA:123,0
DA:129,0
DA:130,0
DA:141,0
DA:148,0
DA:149,0
DA:150,0
DA:151,0
DA:158,0
DA:161,0
DA:164,0
DA:168,0
DA:169,0
DA:175,0
DA:179,0
DA:180,0
DA:181,0
DA:187,0
DA:191,0
DA:197,0
DA:198,0
DA:201,0
DA:212,0
DA:218,0
DA:219,0
DA:230,0
DA:231,0
DA:232,0
DA:233,0
DA:235,0
DA:237,0
DA:243,0
DA:247,0
DA:248,0
DA:258,0
DA:259,0
DA:260,0
DA:261,0
DA:267,0
DA:271,0
DA:284,0
DA:285,0
DA:291,0
DA:295,0
DA:296,0
DA:298,0
DA:304,0
DA:305,0
DA:315,0
DA:316,0
DA:317,0
DA:318,0
DA:324,0
DA:327,0
DA:343,0
DA:344,0
DA:350,0
DA:353,0
DA:357,0
DA:358,0
DA:367,0
LF:90
LH:0
BRDA:18,0,0,0
BRDA:18,0,1,0
BRDA:37,1,0,0
BRDA:37,1,1,0
BRDA:38,2,0,0
BRDA:38,2,1,0
BRDA:60,3,0,0
BRDA:78,4,0,0
BRDA:150,5,0,0
BRDA:168,6,0,0
BRDA:168,7,0,0
BRDA:168,7,1,0
BRDA:180,8,0,0
BRDA:233,9,0,0
BRDA:233,9,1,0
BRDA:235,10,0,0
BRDA:260,11,0,0
BRDA:284,12,0,0
BRDA:317,13,0,0
BRDA:343,14,0,0
BRF:20
BRH:0
end_of_record
TN:
SF:src/routes/billableEntries.ts
FN:8,(anonymous_0)
FN:91,(anonymous_1)
FN:168,(anonymous_2)
FN:275,(anonymous_3)
FN:369,(anonymous_4)
FNF:5
FNH:0
FNDA:0,(anonymous_0)
FNDA:0,(anonymous_1)
FNDA:0,(anonymous_2)
FNDA:0,(anonymous_3)
FNDA:0,(anonymous_4)
DA:1,0
DA:2,0
DA:3,0
DA:5,0
DA:8,0
DA:9,0
DA:10,0
DA:11,0
DA:17,0
DA:20,0
DA:21,0
DA:22,0
DA:23,0
DA:24,0
DA:25,0
DA:26,0
DA:28,0
DA:33,0
DA:34,0
DA:37,0
DA:38,0
DA:41,0
DA:42,0
DA:43,0
DA:44,0
DA:46,0
DA:47,0
DA:51,0
DA:70,0
DA:80,0
DA:81,0
DA:91,0
DA:92,0
DA:93,0
DA:94,0
DA:100,0
DA:103,0
DA:105,0
DA:132,0
DA:133,0
DA:139,0
DA:142,0
DA:146,0
DA:147,0
DA:157,0
DA:169,0
DA:170,0
DA:171,0
DA:172,0
DA:179,0
DA:182,0
DA:183,0
DA:189,0
DA:200,0
DA:203,0
DA:211,0
DA:212,0
DA:218,0
DA:221,0
DA:247,0
DA:252,0
DA:253,0
DA:264,0
DA:276,0
DA:277,0
DA:278,0
DA:279,0
DA:286,0
DA:289,0
DA:290,0
DA:296,0
DA:299,0
DA:308,0
DA:311,0
DA:319,0
DA:320,0
DA:326,0
DA:329,0
DA:352,0
DA:357,0
DA:358,0
DA:369,0
DA:370,0
DA:371,0
DA:372,0
DA:378,0
DA:381,0
DA:384,0
DA:392,0
DA:393,0
DA:399,0
DA:403,0
DA:412,0
DA:416,0
DA:417,0
DA:426,0
LF:96
LH:0
BRDA:10,0,0,0
BRDA:20,1,0,0
BRDA:20,1,1,0
BRDA:21,2,0,0
BRDA:21,2,1,0
BRDA:33,3,0,0
BRDA:33,4,0,0
BRDA:33,4,1,0
BRDA:37,5,0,0
BRDA:41,6,0,0
BRDA:41,7,0,0
BRDA:41,7,1,0
BRDA:43,8,0,0
BRDA:46,9,0,0
BRDA:93,10,0,0
BRDA:132,11,0,0
BRDA:171,12,0,0
BRDA:182,13,0,0
BRDA:197,14,0,0
BRDA:198,15,0,0
BRDA:199,16,0,0
BRDA:211,17,0,0
BRDA:278,18,0,0
BRDA:289,19,0,0
BRDA:319,20,0,0
BRDA:332,21,0,0
BRDA:332,21,1,0
BRDA:333,22,0,0
BRDA:333,22,1,0
BRDA:334,23,0,0
BRDA:334,23,1,0
BRDA:335,24,0,0
BRDA:335,24,1,0
BRDA:336,25,0,0
BRDA:336,25,1,0
BRDA:337,26,0,0
BRDA:337,26,1,0
BRDA:338,27,0,0
BRDA:338,27,1,0
BRDA:371,28,0,0
BRDA:392,29,0,0
BRF:41
BRH:0
end_of_record
TN:
SF:src/routes/corrections.ts
FN:8,(anonymous_0)
FN:74,(anonymous_1)
FN:141,(anonymous_2)
FN:228,(anonymous_3)
FN:322,(anonymous_4)
FNF:5
FNH:0
FNDA:0,(anonymous_0)
FNDA:0,(anonymous_1)
FNDA:0,(anonymous_2)
FNDA:0,(anonymous_3)
FNDA:0,(anonymous_4)
DA:1,0
DA:2,0
DA:3,0
DA:5,0
DA:8,0
DA:9,0
DA:10,0
DA:11,0
DA:17,0
DA:20,0
DA:21,0
DA:22,0
DA:23,0
DA:25,0
DA:29,0
DA:30,0
DA:33,0
DA:53,0
DA:63,0
DA:64,0
DA:74,0
DA:75,0
DA:76,0
DA:77,0
DA:83,0
DA:86,0
DA:88,0
DA:105,0
DA:106,0
DA:112,0
DA:115,0
DA:119,0
DA:120,0
DA:130,0
DA:142,0
DA:143,0
DA:144,0
DA:145,0
DA:152,0
DA:155,0
DA:156,0
DA:162,0
DA:173,0
DA:175,0
DA:200,0
DA:205,0
DA:206,0
DA:217,0
DA:229,0
DA:230,0
DA:231,0
DA:232,0
DA:239,0
DA:242,0
DA:243,0
DA:249,0
DA:252,0
DA:261,0
DA:264,0
DA:271,0
DA:272,0
DA:278,0
DA:281,0
DA:305,0
DA:310,0
DA:311,0
DA:322,0
DA:323,0
DA:324,0
DA:325,0
DA:331,0
DA:334,0
DA:337,0
DA:344,0
DA:345,0
DA:351,0
DA:354,0
DA:358,0
DA:362,0
DA:363,0
DA:372,0
LF:81
LH:0
BRDA:10,0,0,0
BRDA:20,1,0,0
BRDA:20,1,1,0
BRDA:21,2,0,0
BRDA:21,2,1,0
BRDA:29,3,0,0
BRDA:29,4,0,0
BRDA:29,4,1,0
BRDA:76,5,0,0
BRDA:105,6,0,0
BRDA:144,7,0,0
BRDA:155,8,0,0
BRDA:181,9,0,0
BRDA:181,9,1,0
BRDA:182,10,0,0
BRDA:182,10,1,0
BRDA:231,11,0,0
BRDA:242,12,0,0
BRDA:271,13,0,0
BRDA:284,14,0,0
BRDA:284,14,1,0
BRDA:285,15,0,0
BRDA:285,15,1,0
BRDA:286,16,0,0
BRDA:286,16,1,0
BRDA:287,17,0,0
BRDA:287,17,1,0
BRDA:288,18,0,0
BRDA:288,18,1,0
BRDA:289,19,0,0
BRDA:289,19,1,0
BRDA:290,20,0,0
BRDA:290,20,1,0
BRDA:324,21,0,0
BRDA:344,22,0,0
BRF:35
BRH:0
end_of_record
TN:
SF:src/routes/emailProviders.ts
FN:8,(anonymous_0)
FN:61,(anonymous_1)
FN:135,(anonymous_2)
FN:238,(anonymous_3)
FN:335,(anonymous_4)
FN:393,(anonymous_5)
FNF:6
FNH:0
FNDA:0,(anonymous_0)
FNDA:0,(anonymous_1)
FNDA:0,(anonymous_2)
FNDA:0,(anonymous_3)
FNDA:0,(anonymous_4)
FNDA:0,(anonymous_5)
DA:1,0
DA:2,0
DA:3,0
DA:5,0
DA:8,0
DA:9,0
DA:10,0
DA:11,0
DA:17,0
DA:20,0
DA:46,0
DA:50,0
DA:51,0
DA:61,0
DA:62,0
DA:63,0
DA:64,0
DA:70,0
DA:73,0
DA:75,0
DA:102,0
DA:103,0
DA:109,0
DA:112,0
DA:116,0
DA:117,0
DA:127,0
DA:136,0
DA:137,0
DA:138,0
DA:139,0
DA:146,0
DA:149,0
DA:150,0
DA:156,0
DA:159,0
DA:162,0
DA:170,0
DA:171,0
DA:177,0
DA:181,0
DA:188,0
DA:199,0
DA:213,0
DA:218,0
DA:219,0
DA:230,0
DA:239,0
DA:240,0
DA:241,0
DA:242,0
DA:249,0
DA:252,0
DA:253,0
DA:259,0
DA:262,0
DA:263,0
DA:266,0
DA:274,0
DA:275,0
DA:281,0
DA:285,0
DA:287,0
DA:297,0
DA:318,0
DA:323,0
DA:324,0
DA:335,0
DA:336,0
DA:337,0
DA:338,0
DA:344,0
DA:347,0
DA:350,0
DA:358,0
DA:359,0
DA:365,0
DA:369,0
DA:378,0
DA:382,0
DA:383,0
DA:393,0
DA:394,0
DA:395,0
DA:396,0
DA:402,0
DA:405,0
DA:408,0
DA:416,0
DA:417,0
DA:423,0
DA:427,0
DA:440,0
DA:447,0
DA:451,0
DA:454,0
DA:455,0
DA:463,0
DA:466,0
DA:475,0
LF:100
LH:0
BRDA:10,0,0,0
BRDA:63,1,0,0
BRDA:102,2,0,0
BRDA:138,3,0,0
BRDA:149,4,0,0
BRDA:159,5,0,0
BRDA:170,6,0,0
BRDA:241,7,0,0
BRDA:252,8,0,0
BRDA:274,9,0,0
BRDA:285,10,0,0
BRDA:300,11,0,0
BRDA:300,11,1,0
BRDA:301,12,0,0
BRDA:301,12,1,0
BRDA:302,13,0,0
BRDA:302,13,1,0
BRDA:303,14,0,0
BRDA:303,14,1,0
BRDA:337,15,0,0
BRDA:358,16,0,0
BRDA:395,17,0,0
BRDA:416,18,0,0
BRF:23
BRH:0
end_of_record
TN:
SF:src/routes/emails.ts
FN:8,(anonymous_0)
FN:100,(anonymous_1)
FN:185,(anonymous_2)
FN:304,(anonymous_3)
FN:413,(anonymous_4)
FNF:5
FNH:0
FNDA:0,(anonymous_0)
FNDA:0,(anonymous_1)
FNDA:0,(anonymous_2)
FNDA:0,(anonymous_3)
FNDA:0,(anonymous_4)
DA:1,0
DA:2,0
DA:3,0
DA:5,0
DA:8,0
DA:9,0
DA:10,0
DA:11,0
DA:17,0
DA:20,0
DA:21,0
DA:22,0
DA:23,0
DA:24,0
DA:25,0
DA:26,0
DA:28,0
DA:33,0
DA:34,0
DA:42,0
DA:43,0
DA:44,0
DA:45,0
DA:47,0
DA:48,0
DA:52,0
DA:79,0
DA:89,0
DA:90,0
DA:100,0
DA:101,0
DA:102,0
DA:103,0
DA:109,0
DA:112,0
DA:114,0
DA:148,0
DA:149,0
DA:155,0
DA:158,0
DA:162,0
DA:163,0
DA:173,0
DA:186,0
DA:187,0
DA:188,0
DA:189,0
DA:196,0
DA:199,0
DA:200,0
DA:206,0
DA:218,0
DA:221,0
DA:228,0
DA:229,0
DA:235,0
DA:239,0
DA:246,0
DA:247,0
DA:253,0
DA:256,0
DA:280,0
DA:285,0
DA:286,0
DA:297,0
DA:305,0
DA:306,0
DA:307,0
DA:308,0
DA:315,0
DA:318,0
DA:319,0
DA:325,0
DA:328,0
DA:329,0
DA:332,0
DA:339,0
DA:340,0
DA:346,0
DA:350,0
DA:351,0
DA:358,0
DA:359,0
DA:365,0
DA:369,0
DA:396,0
DA:401,0
DA:402,0
DA:413,0
DA:414,0
DA:415,0
DA:416,0
DA:422,0
DA:425,0
DA:428,0
DA:435,0
DA:436,0
DA:442,0
DA:446,0
DA:455,0
DA:459,0
DA:460,0
DA:469,0
LF:103
LH:0
BRDA:10,0,0,0
BRDA:20,1,0,0
BRDA:20,1,1,0
BRDA:21,2,0,0
BRDA:21,2,1,0
BRDA:33,3,0,0
BRDA:42,4,0,0
BRDA:42,5,0,0
BRDA:42,5,1,0
BRDA:44,6,0,0
BRDA:47,7,0,0
BRDA:102,8,0,0
BRDA:148,9,0,0
BRDA:188,10,0,0
BRDA:199,11,0,0
BRDA:217,12,0,0
BRDA:228,13,0,0
BRDA:246,14,0,0
BRDA:264,15,0,0
BRDA:264,15,1,0
BRDA:265,16,0,0
BRDA:265,16,1,0
BRDA:307,17,0,0
BRDA:318,18,0,0
BRDA:339,19,0,0
BRDA:350,20,0,0
BRDA:358,21,0,0
BRDA:372,22,0,0
BRDA:372,22,1,0
BRDA:373,23,0,0
BRDA:373,23,1,0
BRDA:374,24,0,0
BRDA:374,24,1,0
BRDA:415,25,0,0
BRDA:435,26,0,0
BRF:35
BRH:0
end_of_record
TN:
SF:src/routes/matters.ts
FN:8,(anonymous_0)
FN:81,(anonymous_1)
FN:144,(anonymous_2)
FN:219,(anonymous_3)
FN:304,(anonymous_4)
FNF:5
FNH:0
FNDA:0,(anonymous_0)
FNDA:0,(anonymous_1)
FNDA:0,(anonymous_2)
FNDA:0,(anonymous_3)
FNDA:0,(anonymous_4)
DA:1,0
DA:2,0
DA:3,0
DA:5,0
DA:8,0
DA:9,0
DA:10,0
DA:11,0
DA:17,0
DA:20,0
DA:21,0
DA:22,0
DA:23,0
DA:24,0
DA:26,0
DA:31,0
DA:32,0
DA:35,0
DA:36,0
DA:43,0
DA:60,0
DA:70,0
DA:71,0
DA:81,0
DA:82,0
DA:83,0
DA:84,0
DA:90,0
DA:93,0
DA:95,0
DA:110,0
DA:111,0
DA:117,0
DA:120,0
DA:124,0
DA:125,0
DA:135,0
DA:145,0
DA:146,0
DA:147,0
DA:148,0
DA:155,0
DA:158,0
DA:159,0
DA:165,0
DA:168,0
DA:170,0
DA:192,0
DA:197,0
DA:198,0
DA:209,0
DA:220,0
DA:221,0
DA:222,0
DA:223,0
DA:230,0
DA:233,0
DA:234,0
DA:240,0
DA:243,0
DA:244,0
DA:247,0
DA:255,0
DA:256,0
DA:262,0
DA:265,0
DA:287,0
DA:292,0
DA:293,0
DA:304,0
DA:305,0
DA:306,0
DA:307,0
DA:313,0
DA:316,0
DA:319,0
DA:327,0
DA:328,0
DA:334,0
DA:338,0
DA:347,0
DA:351,0
DA:352,0
DA:361,0
LF:84
LH:0
BRDA:10,0,0,0
BRDA:20,1,0,0
BRDA:20,1,1,0
BRDA:21,2,0,0
BRDA:21,2,1,0
BRDA:31,3,0,0
BRDA:31,4,0,0
BRDA:31,4,1,0
BRDA:35,5,0,0
BRDA:83,6,0,0
BRDA:110,7,0,0
BRDA:147,8,0,0
BRDA:158,9,0,0
BRDA:168,10,0,0
BRDA:178,11,0,0
BRDA:178,11,1,0
BRDA:179,12,0,0
BRDA:179,12,1,0
BRDA:222,13,0,0
BRDA:233,14,0,0
BRDA:255,15,0,0
BRDA:268,16,0,0
BRDA:268,16,1,0
BRDA:269,17,0,0
BRDA:269,17,1,0
BRDA:270,18,0,0
BRDA:270,18,1,0
BRDA:271,19,0,0
BRDA:271,19,1,0
BRDA:272,20,0,0
BRDA:272,20,1,0
BRDA:273,21,0,0
BRDA:273,21,1,0
BRDA:274,22,0,0
BRDA:274,22,1,0
BRDA:275,23,0,0
BRDA:275,23,1,0
BRDA:306,24,0,0
BRDA:327,25,0,0
BRF:39
BRH:0
end_of_record
TN:
SF:src/routes/users.ts
FN:9,(anonymous_0)
FN:76,(anonymous_1)
FN:138,(anonymous_2)
FN:190,(anonymous_3)
FN:251,(anonymous_4)
FN:304,(anonymous_5)
FNF:6
FNH:0
FNDA:0,(anonymous_0)
FNDA:0,(anonymous_1)
FNDA:0,(anonymous_2)
FNDA:0,(anonymous_3)
FNDA:0,(anonymous_4)
FNDA:0,(anonymous_5)
DA:1,0
DA:2,0
DA:3,0
DA:4,0
DA:6,0
DA:9,0
DA:10,0
DA:11,0
DA:12,0
DA:18,0
DA:21,0
DA:44,0
DA:45,0
DA:51,0
DA:54,0
DA:58,0
DA:59,0
DA:69,0
DA:77,0
DA:78,0
DA:79,0
DA:80,0
DA:87,0
DA:90,0
DA:91,0
DA:97,0
DA:100,0
DA:102,0
DA:121,0
DA:126,0
DA:127,0
DA:138,0
DA:139,0
DA:140,0
DA:141,0
DA:142,0
DA:144,0
DA:169,0
DA:179,0
DA:180,0
DA:190,0
DA:191,0
DA:192,0
DA:194,0
DA:217,0
DA:218,0
DA:224,0
DA:227,0
DA:231,0
DA:232,0
DA:242,0
DA:252,0
DA:253,0
DA:254,0
DA:255,0
DA:262,0
DA:265,0
DA:266,0
DA:268,0
DA:287,0
DA:292,0
DA:293,0
DA:304,0
DA:305,0
DA:306,0
DA:309,0
DA:318,0
DA:322,0
DA:323,0
DA:332,0
LF:70
LH:0
BRDA:11,0,0,0
BRDA:44,1,0,0
BRDA:79,2,0,0
BRDA:90,3,0,0
BRDA:105,4,0,0
BRDA:105,4,1,0
BRDA:106,5,0,0
BRDA:106,5,1,0
BRDA:107,6,0,0
BRDA:107,6,1,0
BRDA:140,7,0,0
BRDA:140,7,1,0
BRDA:141,8,0,0
BRDA:141,8,1,0
BRDA:217,9,0,0
BRDA:254,10,0,0
BRDA:271,11,0,0
BRDA:271,11,1,0
BRDA:272,12,0,0
BRDA:272,12,1,0
BRDA:273,13,0,0
BRDA:273,13,1,0
BRDA:274,14,0,0
BRDA:274,14,1,0
BRF:24
BRH:0
end_of_record
TN:
SF:src/types/index.ts
FN:54,(anonymous_0)
FN:65,(anonymous_1)
FN:76,(anonymous_2)
FN:83,(anonymous_3)
FN:90,(anonymous_4)
FNF:5
FNH:0
FNDA:0,(anonymous_0)
FNDA:0,(anonymous_1)
FNDA:0,(anonymous_2)
FNDA:0,(anonymous_3)
FNDA:0,(anonymous_4)
DA:53,0
DA:56,0
DA:57,0
DA:59,0
DA:60,0
DA:64,0
DA:67,0
DA:68,0
DA:70,0
DA:71,0
DA:75,0
DA:77,0
DA:78,0
DA:82,0
DA:83,0
DA:84,0
DA:85,0
DA:89,0
DA:91,0
DA:92,0
LF:20
LH:0
BRDA:57,0,0,0
BRDA:90,1,0,0
BRF:2
BRH:0
end_of_record
TN:
SF:src/validation/index.ts
FN:19,(anonymous_0)
FN:26,(anonymous_1)
FN:30,(anonymous_2)
FN:43,(anonymous_3)
FN:53,(anonymous_4)
FN:58,(anonymous_5)
FN:59,(anonymous_6)
FN:60,(anonymous_7)
FN:70,(anonymous_8)
FN:75,(anonymous_9)
FN:82,(anonymous_10)
FN:83,(anonymous_11)
FN:84,(anonymous_12)
FN:85,(anonymous_13)
FN:90,(anonymous_14)
FN:91,(anonymous_15)
FN:92,(anonymous_16)
FN:93,(anonymous_17)
FN:94,(anonymous_18)
FNF:19
FNH:0
FNDA:0,(anonymous_0)
FNDA:0,(anonymous_1)
FNDA:0,(anonymous_2)
FNDA:0,(anonymous_3)
FNDA:0,(anonymous_4)
FNDA:0,(anonymous_5)
FNDA:0,(anonymous_6)
FNDA:0,(anonymous_7)
FNDA:0,(anonymous_8)
FNDA:0,(anonymous_9)
FNDA:0,(anonymous_10)
FNDA:0,(anonymous_11)
FNDA:0,(anonymous_12)
FNDA:0,(anonymous_13)
FNDA:0,(anonymous_14)
FNDA:0,(anonymous_15)
FNDA:0,(anonymous_16)
FNDA:0,(anonymous_17)
FNDA:0,(anonymous_18)
DA:6,0
DA:13,0
DA:16,0
DA:17,0
DA:20,0
DA:21,0
DA:22,0
DA:23,0
DA:27,0
DA:31,0
DA:32,0
DA:33,0
DA:40,0
DA:44,0
DA:45,0
DA:46,0
DA:49,0
DA:58,0
DA:59,0
DA:60,0
DA:62,0
DA:71,0
DA:76,0
DA:81,0
DA:82,0
DA:83,0
DA:84,0
DA:85,0
DA:89,0
DA:90,0
DA:91,0
DA:92,0
DA:93,0
DA:94,0
LF:34
LH:0
BRDA:32,0,0,0
BRDA:45,1,0,0
BRF:2
BRH:0
end_of_record
TN:
SF:src/validation/validators.ts
FN:21,isValidEmail
FN:27,isValidPassword
FN:34,isValidDate
FN:38,isFutureDate
FN:42,isWithinLastYears
FN:50,(anonymous_5)
FN:90,(anonymous_6)
FN:125,(anonymous_7)
FN:163,(anonymous_8)
FN:188,(anonymous_9)
FN:245,(anonymous_10)
FN:272,(anonymous_11)
FN:300,(anonymous_12)
FNF:13
FNH:0
FNDA:0,isValidEmail
FNDA:0,isValidPassword
FNDA:0,isValidDate
FNDA:0,isFutureDate
FNDA:0,isWithinLastYears
FNDA:0,(anonymous_5)
FNDA:0,(anonymous_6)
FNDA:0,(anonymous_7)
FNDA:0,(anonymous_8)
FNDA:0,(anonymous_9)
FNDA:0,(anonymous_10)
FNDA:0,(anonymous_11)
FNDA:0,(anonymous_12)
DA:12,0
DA:21,0
DA:22,0
DA:23,0
DA:27,0
DA:29,0
DA:30,0
DA:34,0
DA:35,0
DA:38,0
DA:39,0
DA:42,0
DA:43,0
DA:44,0
DA:45,0
DA:49,0
DA:51,0
DA:52,0
DA:55,0
DA:56,0
DA:57,0
DA:58,0
DA:61,0
DA:62,0
DA:63,0
DA:64,0
DA:67,0
DA:68,0
DA:69,0
DA:70,0
DA:74,0
DA:75,0
DA:79,0
DA:80,0
DA:83,0
DA:91,0
DA:93,0
DA:95,0
DA:96,0
DA:97,0
DA:98,0
DA:100,0
DA:103,0
DA:104,0
DA:105,0
DA:106,0
DA:108,0
DA:111,0
DA:112,0
DA:113,0
DA:114,0
DA:116,0
DA:119,0
DA:124,0
DA:126,0
DA:127,0
DA:130,0
DA:131,0
DA:134,0
DA:135,0
DA:136,0
DA:137,0
DA:140,0
DA:141,0
DA:142,0
DA:143,0
DA:144,0
DA:152,0
DA:153,0
DA:156,0
DA:164,0
DA:166,0
DA:168,0
DA:169,0
DA:170,0
DA:171,0
DA:173,0
DA:176,0
DA:177,0
DA:179,0
DA:182,0
DA:187,0
DA:189,0
DA:190,0
DA:193,0
DA:194,0
DA:197,0
DA:198,0
DA:201,0
DA:202,0
DA:203,0
DA:204,0
DA:208,0
DA:209,0
DA:210,0
DA:211,0
DA:212,0
DA:217,0
DA:218,0
DA:219,0
DA:224,0
DA:225,0
DA:226,0
DA:227,0
DA:228,0
DA:229,0
DA:230,0
DA:238,0
DA:246,0
DA:248,0
DA:250,0
DA:251,0
DA:252,0
DA:253,0
DA:255,0
DA:258,0
DA:259,0
DA:260,0
DA:261,0
DA:263,0
DA:266,0
DA:271,0
DA:273,0
DA:274,0
DA:277,0
DA:278,0
DA:281,0
DA:282,0
DA:283,0
DA:284,0
DA:287,0
DA:288,0
DA:289,0
DA:290,0
DA:293,0
DA:301,0
DA:303,0
DA:305,0
DA:306,0
DA:307,0
DA:308,0
DA:310,0
DA:313,0
DA:314,0
DA:315,0
DA:316,0
DA:318,0
DA:321,0
LF:148
LH:0
BRDA:35,0,0,0
BRDA:35,0,1,0
BRDA:55,1,0,0
BRDA:55,1,1,0
BRDA:57,2,0,0
BRDA:61,3,0,0
BRDA:61,3,1,0
BRDA:63,4,0,0
BRDA:67,5,0,0
BRDA:67,5,1,0
BRDA:69,6,0,0
BRDA:74,7,0,0
BRDA:74,8,0,0
BRDA:74,8,1,0
BRDA:79,9,0,0
BRDA:79,10,0,0
BRDA:79,10,1,0
BRDA:93,11,0,0
BRDA:93,11,1,0
BRDA:93,11,2,0
BRDA:95,12,0,0
BRDA:95,12,1,0
BRDA:97,13,0,0
BRDA:103,14,0,0
BRDA:103,14,1,0
BRDA:105,15,0,0
BRDA:111,16,0,0
BRDA:111,16,1,0
BRDA:113,17,0,0
BRDA:130,18,0,0
BRDA:134,19,0,0
BRDA:134,19,1,0
BRDA:136,20,0,0
BRDA:140,21,0,0
BRDA:141,22,0,0
BRDA:141,22,1,0
BRDA:141,23,0,0
BRDA:141,23,1,0
BRDA:143,24,0,0
BRDA:152,25,0,0
BRDA:152,26,0,0
BRDA:152,26,1,0
BRDA:166,27,0,0
BRDA:166,27,1,0
BRDA:168,28,0,0
BRDA:168,28,1,0
BRDA:170,29,0,0
BRDA:176,30,0,0
BRDA:176,31,0,0
BRDA:176,31,1,0
BRDA:176,31,2,0
BRDA:193,32,0,0
BRDA:197,33,0,0
BRDA:201,34,0,0
BRDA:201,34,1,0
BRDA:203,35,0,0
BRDA:208,36,0,0
BRDA:209,37,0,0
BRDA:209,37,1,0
BRDA:209,38,0,0
BRDA:209,38,1,0
BRDA:211,39,0,0
BRDA:217,40,0,0
BRDA:218,41,0,0
BRDA:218,42,0,0
BRDA:218,42,1,0
BRDA:224,43,0,0
BRDA:225,44,0,0
BRDA:225,44,1,0
BRDA:227,45,0,0
BRDA:227,45,1,0
BRDA:229,46,0,0
BRDA:248,47,0,0
BRDA:248,47,1,0
BRDA:250,48,0,0
BRDA:250,48,1,0
BRDA:252,49,0,0
BRDA:258,50,0,0
BRDA:258,50,1,0
BRDA:258,51,0,0
BRDA:258,51,1,0
BRDA:258,51,2,0
BRDA:260,52,0,0
BRDA:277,53,0,0
BRDA:281,54,0,0
BRDA:281,54,1,0
BRDA:283,55,0,0
BRDA:287,56,0,0
BRDA:287,56,1,0
BRDA:289,57,0,0
BRDA:303,58,0,0
BRDA:303,58,1,0
BRDA:305,59,0,0
BRDA:305,59,1,0
BRDA:307,60,0,0
BRDA:313,61,0,0
BRDA:313,61,1,0
BRDA:315,62,0,0
BRF:98
BRH:0
end_of_record
